<?xml version="1.0" encoding="UTF-8"?>
<robot generator="Robot 7.3.2 (Python 3.14.0 on win32)" generated="2025-12-03T16:30:40.424364" rpa="false" schemaversion="5">
<suite id="s1" name="Robot Learning" source="C:\Robot_Learning">
<suite id="s1-s1" name="Testcase" source="C:\Robot_Learning\testcase">
<suite id="s1-s1-s1" name="changePassword" source="C:\Robot_Learning\testcase\changePassword.robot">
<test id="s1-s1-s1-t1" name="User Can Change Password" line="5">
<kw name="Change Password" owner="changePass">
<kw name="User Login To System By Correct User" owner="login_test">
<kw name="Open Webpage" owner="common_web">
<kw name="Open Browser" owner="SeleniumLibrary">
<arg>${url}</arg>
<arg>${browser}</arg>
<doc>Opens a new browser instance to the optional ``url``.</doc>
<status status="NOT RUN" start="2025-12-03T16:30:40.661388" elapsed="0.000077"/>
</kw>
<kw name="Maximize Browser Window" owner="SeleniumLibrary">
<doc>Maximizes current browser window.</doc>
<status status="NOT RUN" start="2025-12-03T16:30:40.661590" elapsed="0.000036"/>
</kw>
<arg>url=${URL}</arg>
<arg>browser=${BROWSER}</arg>
<status status="PASS" start="2025-12-03T16:30:40.661031" elapsed="0.000640"/>
</kw>
<kw name="Click Button" owner="common_web">
<kw name="Wait Until Element Is Enabled" owner="SeleniumLibrary">
<arg>${button}</arg>
<doc>Waits until the element ``locator`` is enabled.</doc>
<status status="NOT RUN" start="2025-12-03T16:30:40.661923" elapsed="0.000044"/>
</kw>
<kw name="Click Element" owner="SeleniumLibrary">
<arg>${button}</arg>
<doc>Click the element identified by ``locator``.</doc>
<status status="NOT RUN" start="2025-12-03T16:30:40.662064" elapsed="0.000042"/>
</kw>
<arg>button=${LoginPage['GOTO_LOGINPAGE_BUTTON']}</arg>
<status status="PASS" start="2025-12-03T16:30:40.661775" elapsed="0.000370"/>
</kw>
<kw name="Switch Window" owner="SeleniumLibrary">
<arg>NEW</arg>
<doc>Switches to browser window matching ``locator``.</doc>
<status status="NOT RUN" start="2025-12-03T16:30:40.662220" elapsed="0.000069"/>
</kw>
<kw name="Wait Until Element Is Visible" owner="SeleniumLibrary">
<arg>${LoginPage['LOGIN_PAGE_HEADER']}</arg>
<arg>${TIMEOUT}</arg>
<doc>Waits until the element ``locator`` is visible.</doc>
<status status="NOT RUN" start="2025-12-03T16:30:40.662370" elapsed="0.000045"/>
</kw>
<kw name="Enter Username" owner="LoginPage">
<kw name="Wait Until Element Is Visible" owner="SeleniumLibrary">
<arg>${LoginPage['USERNAME_FIELD']}</arg>
<doc>Waits until the element ``locator`` is visible.</doc>
<status status="NOT RUN" start="2025-12-03T16:30:40.662902" elapsed="0.000043"/>
</kw>
<kw name="Input Text" owner="SeleniumLibrary">
<arg>${LoginPage['USERNAME_FIELD']}</arg>
<arg>${username}</arg>
<doc>Types the given ``text`` into the text field identified by ``locator``.</doc>
<status status="NOT RUN" start="2025-12-03T16:30:40.663020" elapsed="0.000044"/>
</kw>
<arg>username=${valid_user}</arg>
<status status="PASS" start="2025-12-03T16:30:40.662531" elapsed="0.000569"/>
</kw>
<kw name="Enter Password" owner="LoginPage">
<kw name="Wait Until Element Is Visible" owner="SeleniumLibrary">
<arg>${LoginPage['PASSWORD_FIELD']}</arg>
<doc>Waits until the element ``locator`` is visible.</doc>
<status status="NOT RUN" start="2025-12-03T16:30:40.663328" elapsed="0.000042"/>
</kw>
<kw name="Input Password" owner="SeleniumLibrary">
<arg>${LoginPage['PASSWORD_FIELD']}</arg>
<arg>${password}</arg>
<doc>Types the given password into the text field identified by ``locator``.</doc>
<status status="NOT RUN" start="2025-12-03T16:30:40.663442" elapsed="0.000045"/>
</kw>
<arg>password=${valid_password}</arg>
<status status="PASS" start="2025-12-03T16:30:40.663194" elapsed="0.000331"/>
</kw>
<kw name="Click Button" owner="common_web">
<kw name="Wait Until Element Is Enabled" owner="SeleniumLibrary">
<arg>${button}</arg>
<doc>Waits until the element ``locator`` is enabled.</doc>
<status status="NOT RUN" start="2025-12-03T16:30:40.663747" elapsed="0.000049"/>
</kw>
<kw name="Click Element" owner="SeleniumLibrary">
<arg>${button}</arg>
<doc>Click the element identified by ``locator``.</doc>
<status status="NOT RUN" start="2025-12-03T16:30:40.663869" elapsed="0.000038"/>
</kw>
<arg>button=${LoginPage.LOGIN}</arg>
<status status="PASS" start="2025-12-03T16:30:40.663615" elapsed="0.000325"/>
</kw>
<kw name="Wait Until Element Is Visible" owner="SeleniumLibrary">
<arg>${UserProfilePage['DASHBOARD_HEADER']}</arg>
<arg>${TIMEOUT}</arg>
<doc>Waits until the element ``locator`` is visible.</doc>
<status status="NOT RUN" start="2025-12-03T16:30:40.664007" elapsed="0.000043"/>
</kw>
<arg>valid_user=${VALID_USER}</arg>
<arg>valid_password=${VAILD_PASSWORD}</arg>
<status status="PASS" start="2025-12-03T16:30:40.660788" elapsed="0.003307"/>
</kw>
<kw name="Wait Until Element Is Visible" owner="SeleniumLibrary">
<arg>${UserProfilePage['DASHBOARD_HEADER']}</arg>
<arg>${TIMEOUT}</arg>
<doc>Waits until the element ``locator`` is visible.</doc>
<status status="NOT RUN" start="2025-12-03T16:30:40.664170" elapsed="0.000044"/>
</kw>
<kw name="Click Button" owner="common_web">
<kw name="Wait Until Element Is Enabled" owner="SeleniumLibrary">
<arg>${button}</arg>
<doc>Waits until the element ``locator`` is enabled.</doc>
<status status="NOT RUN" start="2025-12-03T16:30:40.664445" elapsed="0.000040"/>
</kw>
<kw name="Click Element" owner="SeleniumLibrary">
<arg>${button}</arg>
<doc>Click the element identified by ``locator``.</doc>
<status status="NOT RUN" start="2025-12-03T16:30:40.664558" elapsed="0.000037"/>
</kw>
<arg>button=${UserProfilePage['USER_PROFILE_MENU']}</arg>
<status status="PASS" start="2025-12-03T16:30:40.664309" elapsed="0.000318"/>
</kw>
<kw name="Wait Until Element Is Enabled" owner="SeleniumLibrary">
<arg>${UserProfilePage['ACCOUNT_MENU']}</arg>
<arg>${TIMEOUT}</arg>
<doc>Waits until the element ``locator`` is enabled.</doc>
<status status="NOT RUN" start="2025-12-03T16:30:40.664697" elapsed="0.000044"/>
</kw>
<kw name="Click Button" owner="common_web">
<kw name="Wait Until Element Is Enabled" owner="SeleniumLibrary">
<arg>${button}</arg>
<doc>Waits until the element ``locator`` is enabled.</doc>
<status status="NOT RUN" start="2025-12-03T16:30:40.664971" elapsed="0.000039"/>
</kw>
<kw name="Click Element" owner="SeleniumLibrary">
<arg>${button}</arg>
<doc>Click the element identified by ``locator``.</doc>
<status status="NOT RUN" start="2025-12-03T16:30:40.665083" elapsed="0.000036"/>
</kw>
<arg>button=${changePasswordPage['PASSWORD_MENU']}</arg>
<status status="PASS" start="2025-12-03T16:30:40.664836" elapsed="0.000316"/>
</kw>
<kw name="Enter OldPassword" owner="ChangePasswordPage">
<kw name="Wait Until Element Is Visible" owner="SeleniumLibrary">
<arg>${changePasswordPage['OLD_PASSWORD_FIELD']}</arg>
<doc>Waits until the element ``locator`` is visible.</doc>
<status status="NOT RUN" start="2025-12-03T16:30:40.665391" elapsed="0.000041"/>
</kw>
<kw name="Input Text" owner="SeleniumLibrary">
<arg>${changePasswordPage['OLD_PASSWORD_FIELD']}</arg>
<arg>${old_password}</arg>
<doc>Types the given ``text`` into the text field identified by ``locator``.</doc>
<status status="NOT RUN" start="2025-12-03T16:30:40.665506" elapsed="0.000046"/>
</kw>
<arg>old_password=${old_password}</arg>
<status status="PASS" start="2025-12-03T16:30:40.665260" elapsed="0.000326"/>
</kw>
<kw name="Enter NewPassword" owner="ChangePasswordPage">
<kw name="Wait Until Element Is Visible" owner="SeleniumLibrary">
<arg>${changePasswordPage['NEW_PASSWORD_FIELD']}</arg>
<doc>Waits until the element ``locator`` is visible.</doc>
<status status="NOT RUN" start="2025-12-03T16:30:40.665802" elapsed="0.000040"/>
</kw>
<kw name="Input Password" owner="SeleniumLibrary">
<arg>${changePasswordPage['NEW_PASSWORD_FIELD']}</arg>
<arg>${new_password}</arg>
<doc>Types the given password into the text field identified by ``locator``.</doc>
<status status="NOT RUN" start="2025-12-03T16:30:40.665914" elapsed="0.000044"/>
</kw>
<arg>new_password=${new_password}</arg>
<status status="PASS" start="2025-12-03T16:30:40.665675" elapsed="0.000321"/>
</kw>
<kw name="Enter ConfirmPassword" owner="ChangePasswordPage">
<kw name="Wait Until Element Is Visible" owner="SeleniumLibrary">
<arg>${changePasswordPage['CONFIRM_PASSWORD_FIELD']}</arg>
<doc>Waits until the element ``locator`` is visible.</doc>
<status status="NOT RUN" start="2025-12-03T16:30:40.666242" elapsed="0.000041"/>
</kw>
<kw name="Input Password" owner="SeleniumLibrary">
<arg>${changePasswordPage['CONFIRM_PASSWORD_FIELD']}</arg>
<arg>${confirm_password}</arg>
<doc>Types the given password into the text field identified by ``locator``.</doc>
<status status="NOT RUN" start="2025-12-03T16:30:40.666355" elapsed="0.000043"/>
</kw>
<arg>confirm_password=${confirm_password}</arg>
<status status="PASS" start="2025-12-03T16:30:40.666107" elapsed="0.000325"/>
</kw>
<kw name="Wait Until Element Is Enabled" owner="SeleniumLibrary">
<arg>${changePasswordPage['UPDATE_BUTTON']}</arg>
<arg>${TIMEOUT}</arg>
<doc>Waits until the element ``locator`` is enabled.</doc>
<status status="NOT RUN" start="2025-12-03T16:30:40.666498" elapsed="0.000043"/>
</kw>
<kw name="Click Button" owner="common_web">
<kw name="Wait Until Element Is Enabled" owner="SeleniumLibrary">
<arg>${button}</arg>
<doc>Waits until the element ``locator`` is enabled.</doc>
<status status="NOT RUN" start="2025-12-03T16:30:40.666764" elapsed="0.000038"/>
</kw>
<kw name="Click Element" owner="SeleniumLibrary">
<arg>${button}</arg>
<doc>Click the element identified by ``locator``.</doc>
<status status="NOT RUN" start="2025-12-03T16:30:40.666874" elapsed="0.000035"/>
</kw>
<arg>button=${changePasswordPage.UPDATE_BUTTON}</arg>
<status status="PASS" start="2025-12-03T16:30:40.666633" elapsed="0.000309"/>
</kw>
<kw name="Wait Until Element Is Visible" owner="SeleniumLibrary">
<arg>${changePasswordPage['CONFIRM_BUTTON']}</arg>
<arg>${TIMEOUT}</arg>
<doc>Waits until the element ``locator`` is visible.</doc>
<status status="NOT RUN" start="2025-12-03T16:30:40.667007" elapsed="0.000055"/>
</kw>
<kw name="Click Button" owner="common_web">
<kw name="Wait Until Element Is Enabled" owner="SeleniumLibrary">
<arg>${button}</arg>
<doc>Waits until the element ``locator`` is enabled.</doc>
<status status="NOT RUN" start="2025-12-03T16:30:40.667285" elapsed="0.000037"/>
</kw>
<kw name="Click Element" owner="SeleniumLibrary">
<arg>${button}</arg>
<doc>Click the element identified by ``locator``.</doc>
<status status="NOT RUN" start="2025-12-03T16:30:40.667393" elapsed="0.000035"/>
</kw>
<arg>button=${changePasswordPage['CONFIRM_BUTTON']}</arg>
<status status="PASS" start="2025-12-03T16:30:40.667155" elapsed="0.000304"/>
</kw>
<arg>old_password=${VAILD_PASSWORD}</arg>
<arg>new_password=${VAILD_PASSWORD2}</arg>
<arg>confirm_password=${VAILD_PASSWORD2}</arg>
<status status="PASS" start="2025-12-03T16:30:40.660417" elapsed="0.007070"/>
</kw>
<kw name="Change Password Back to Defult" owner="changePass">
<kw name="Enter OldPassword" owner="ChangePasswordPage">
<kw name="Wait Until Element Is Visible" owner="SeleniumLibrary">
<arg>${changePasswordPage['OLD_PASSWORD_FIELD']}</arg>
<doc>Waits until the element ``locator`` is visible.</doc>
<status status="NOT RUN" start="2025-12-03T16:30:40.667999" elapsed="0.000041"/>
</kw>
<kw name="Input Text" owner="SeleniumLibrary">
<arg>${changePasswordPage['OLD_PASSWORD_FIELD']}</arg>
<arg>${old_password}</arg>
<doc>Types the given ``text`` into the text field identified by ``locator``.</doc>
<status status="NOT RUN" start="2025-12-03T16:30:40.668113" elapsed="0.000045"/>
</kw>
<arg>old_password=${old_password}</arg>
<status status="PASS" start="2025-12-03T16:30:40.667864" elapsed="0.000328"/>
</kw>
<kw name="Enter NewPassword" owner="ChangePasswordPage">
<kw name="Wait Until Element Is Visible" owner="SeleniumLibrary">
<arg>${changePasswordPage['NEW_PASSWORD_FIELD']}</arg>
<doc>Waits until the element ``locator`` is visible.</doc>
<status status="NOT RUN" start="2025-12-03T16:30:40.668408" elapsed="0.000040"/>
</kw>
<kw name="Input Password" owner="SeleniumLibrary">
<arg>${changePasswordPage['NEW_PASSWORD_FIELD']}</arg>
<arg>${new_password}</arg>
<doc>Types the given password into the text field identified by ``locator``.</doc>
<status status="NOT RUN" start="2025-12-03T16:30:40.668517" elapsed="0.000043"/>
</kw>
<arg>new_password=${new_password}</arg>
<status status="PASS" start="2025-12-03T16:30:40.668282" elapsed="0.000311"/>
</kw>
<kw name="Enter ConfirmPassword" owner="ChangePasswordPage">
<kw name="Wait Until Element Is Visible" owner="SeleniumLibrary">
<arg>${changePasswordPage['CONFIRM_PASSWORD_FIELD']}</arg>
<doc>Waits until the element ``locator`` is visible.</doc>
<status status="NOT RUN" start="2025-12-03T16:30:40.668806" elapsed="0.000040"/>
</kw>
<kw name="Input Password" owner="SeleniumLibrary">
<arg>${changePasswordPage['CONFIRM_PASSWORD_FIELD']}</arg>
<arg>${confirm_password}</arg>
<doc>Types the given password into the text field identified by ``locator``.</doc>
<status status="NOT RUN" start="2025-12-03T16:30:40.668919" elapsed="0.000044"/>
</kw>
<arg>confirm_password=${confirm_password}</arg>
<status status="PASS" start="2025-12-03T16:30:40.668679" elapsed="0.000318"/>
</kw>
<kw name="Wait Until Element Is Enabled" owner="SeleniumLibrary">
<arg>${changePasswordPage['UPDATE_BUTTON']}</arg>
<arg>${TIMEOUT}</arg>
<doc>Waits until the element ``locator`` is enabled.</doc>
<status status="NOT RUN" start="2025-12-03T16:30:40.669063" elapsed="0.000042"/>
</kw>
<kw name="Click Button" owner="common_web">
<kw name="Wait Until Element Is Enabled" owner="SeleniumLibrary">
<arg>${button}</arg>
<doc>Waits until the element ``locator`` is enabled.</doc>
<status status="NOT RUN" start="2025-12-03T16:30:40.669337" elapsed="0.000039"/>
</kw>
<kw name="Click Element" owner="SeleniumLibrary">
<arg>${button}</arg>
<doc>Click the element identified by ``locator``.</doc>
<status status="NOT RUN" start="2025-12-03T16:30:40.669449" elapsed="0.000036"/>
</kw>
<arg>button=${changePasswordPage['UPDATE_BUTTON']}</arg>
<status status="PASS" start="2025-12-03T16:30:40.669200" elapsed="0.000317"/>
</kw>
<kw name="Wait Until Element Is Visible" owner="SeleniumLibrary">
<arg>${changePasswordPage['CONFIRM_BUTTON']}</arg>
<arg>${TIMEOUT}</arg>
<doc>Waits until the element ``locator`` is visible.</doc>
<status status="NOT RUN" start="2025-12-03T16:30:40.669584" elapsed="0.000043"/>
</kw>
<kw name="Click Button" owner="common_web">
<kw name="Wait Until Element Is Enabled" owner="SeleniumLibrary">
<arg>${button}</arg>
<doc>Waits until the element ``locator`` is enabled.</doc>
<status status="NOT RUN" start="2025-12-03T16:30:40.669847" elapsed="0.000040"/>
</kw>
<kw name="Click Element" owner="SeleniumLibrary">
<arg>${button}</arg>
<doc>Click the element identified by ``locator``.</doc>
<status status="NOT RUN" start="2025-12-03T16:30:40.669957" elapsed="0.000036"/>
</kw>
<arg>button=${changePasswordPage['CONFIRM_BUTTON']}</arg>
<status status="PASS" start="2025-12-03T16:30:40.669720" elapsed="0.000305"/>
</kw>
<arg>old_password=${VAILD_PASSWORD2}</arg>
<arg>new_password=${VAILD_PASSWORD}</arg>
<arg>confirm_password=${VAILD_PASSWORD}</arg>
<status status="PASS" start="2025-12-03T16:30:40.667679" elapsed="0.002376"/>
</kw>
<kw name="Close Window" owner="common_web" type="TEARDOWN">
<kw name="Capture Page Screenshot" owner="SeleniumLibrary">
<doc>Takes a screenshot of the current page and embeds it into a log file.</doc>
<status status="NOT RUN" start="2025-12-03T16:30:40.670410" elapsed="0.000032"/>
</kw>
<kw name="Close Browser" owner="SeleniumLibrary">
<doc>Closes the current browser.</doc>
<status status="NOT RUN" start="2025-12-03T16:30:40.670508" elapsed="0.000026"/>
</kw>
<status status="PASS" start="2025-12-03T16:30:40.670269" elapsed="0.000294"/>
</kw>
<doc>ทดสอบการตรวจสอบเปลี่ยนรหัสผ่านผู้ใช้</doc>
<status status="PASS" start="2025-12-03T16:30:40.659298" elapsed="0.011345"/>
</test>
<doc>ทดสอบการเปลี่ยนรหัสผ่านผู้ใช้</doc>
<status status="PASS" start="2025-12-03T16:30:40.448892" elapsed="0.222684"/>
</suite>
<suite id="s1-s1-s2" name="Login Tests" source="C:\Robot_Learning\testcase\login_tests.robot">
<test id="s1-s1-s2-t1" name="Login with correct user &amp; password" line="5">
<kw name="User Login To System By Correct User" owner="login_test">
<kw name="Open Webpage" owner="common_web">
<kw name="Open Browser" owner="SeleniumLibrary">
<arg>${url}</arg>
<arg>${browser}</arg>
<doc>Opens a new browser instance to the optional ``url``.</doc>
<status status="NOT RUN" start="2025-12-03T16:30:40.678867" elapsed="0.000057"/>
</kw>
<kw name="Maximize Browser Window" owner="SeleniumLibrary">
<doc>Maximizes current browser window.</doc>
<status status="NOT RUN" start="2025-12-03T16:30:40.679018" elapsed="0.000029"/>
</kw>
<arg>url=${URL}</arg>
<arg>browser=${BROWSER}</arg>
<status status="PASS" start="2025-12-03T16:30:40.678689" elapsed="0.000390"/>
</kw>
<kw name="Click Button" owner="common_web">
<kw name="Wait Until Element Is Enabled" owner="SeleniumLibrary">
<arg>${button}</arg>
<doc>Waits until the element ``locator`` is enabled.</doc>
<status status="NOT RUN" start="2025-12-03T16:30:40.679329" elapsed="0.000042"/>
</kw>
<kw name="Click Element" owner="SeleniumLibrary">
<arg>${button}</arg>
<doc>Click the element identified by ``locator``.</doc>
<status status="NOT RUN" start="2025-12-03T16:30:40.679446" elapsed="0.000038"/>
</kw>
<arg>button=${LoginPage['GOTO_LOGINPAGE_BUTTON']}</arg>
<status status="PASS" start="2025-12-03T16:30:40.679176" elapsed="0.000341"/>
</kw>
<kw name="Switch Window" owner="SeleniumLibrary">
<arg>NEW</arg>
<doc>Switches to browser window matching ``locator``.</doc>
<status status="NOT RUN" start="2025-12-03T16:30:40.679587" elapsed="0.000062"/>
</kw>
<kw name="Wait Until Element Is Visible" owner="SeleniumLibrary">
<arg>${LoginPage['LOGIN_PAGE_HEADER']}</arg>
<arg>${TIMEOUT}</arg>
<doc>Waits until the element ``locator`` is visible.</doc>
<status status="NOT RUN" start="2025-12-03T16:30:40.679723" elapsed="0.000044"/>
</kw>
<kw name="Enter Username" owner="LoginPage">
<kw name="Wait Until Element Is Visible" owner="SeleniumLibrary">
<arg>${LoginPage['USERNAME_FIELD']}</arg>
<doc>Waits until the element ``locator`` is visible.</doc>
<status status="NOT RUN" start="2025-12-03T16:30:40.680000" elapsed="0.000042"/>
</kw>
<kw name="Input Text" owner="SeleniumLibrary">
<arg>${LoginPage['USERNAME_FIELD']}</arg>
<arg>${username}</arg>
<doc>Types the given ``text`` into the text field identified by ``locator``.</doc>
<status status="NOT RUN" start="2025-12-03T16:30:40.680115" elapsed="0.000043"/>
</kw>
<arg>username=${valid_user}</arg>
<status status="PASS" start="2025-12-03T16:30:40.679866" elapsed="0.000327"/>
</kw>
<kw name="Enter Password" owner="LoginPage">
<kw name="Wait Until Element Is Visible" owner="SeleniumLibrary">
<arg>${LoginPage['PASSWORD_FIELD']}</arg>
<doc>Waits until the element ``locator`` is visible.</doc>
<status status="NOT RUN" start="2025-12-03T16:30:40.680412" elapsed="0.000040"/>
</kw>
<kw name="Input Password" owner="SeleniumLibrary">
<arg>${LoginPage['PASSWORD_FIELD']}</arg>
<arg>${password}</arg>
<doc>Types the given password into the text field identified by ``locator``.</doc>
<status status="NOT RUN" start="2025-12-03T16:30:40.680522" elapsed="0.000045"/>
</kw>
<arg>password=${valid_password}</arg>
<status status="PASS" start="2025-12-03T16:30:40.680283" elapsed="0.000318"/>
</kw>
<kw name="Click Button" owner="common_web">
<kw name="Wait Until Element Is Enabled" owner="SeleniumLibrary">
<arg>${button}</arg>
<doc>Waits until the element ``locator`` is enabled.</doc>
<status status="NOT RUN" start="2025-12-03T16:30:40.680812" elapsed="0.000038"/>
</kw>
<kw name="Click Element" owner="SeleniumLibrary">
<arg>${button}</arg>
<doc>Click the element identified by ``locator``.</doc>
<status status="NOT RUN" start="2025-12-03T16:30:40.680917" elapsed="0.000036"/>
</kw>
<arg>button=${LoginPage.LOGIN}</arg>
<status status="PASS" start="2025-12-03T16:30:40.680688" elapsed="0.000297"/>
</kw>
<kw name="Wait Until Element Is Visible" owner="SeleniumLibrary">
<arg>${UserProfilePage['DASHBOARD_HEADER']}</arg>
<arg>${TIMEOUT}</arg>
<doc>Waits until the element ``locator`` is visible.</doc>
<status status="NOT RUN" start="2025-12-03T16:30:40.681048" elapsed="0.000043"/>
</kw>
<arg>${VALID_USER}</arg>
<arg>${VAILD_PASSWORD}</arg>
<status status="PASS" start="2025-12-03T16:30:40.678496" elapsed="0.002629"/>
</kw>
<kw name="Close Window" owner="common_web" type="TEARDOWN">
<kw name="Capture Page Screenshot" owner="SeleniumLibrary">
<doc>Takes a screenshot of the current page and embeds it into a log file.</doc>
<status status="NOT RUN" start="2025-12-03T16:30:40.681546" elapsed="0.000036"/>
</kw>
<kw name="Close Browser" owner="SeleniumLibrary">
<doc>Closes the current browser.</doc>
<status status="NOT RUN" start="2025-12-03T16:30:40.681655" elapsed="0.000027"/>
</kw>
<status status="PASS" start="2025-12-03T16:30:40.681384" elapsed="0.000331"/>
</kw>
<doc>ทดสอบล็อกอินสำเร็จเมื่อกรอกข้อมูลถูกต้อง</doc>
<tag>Login Positive</tag>
<status status="PASS" start="2025-12-03T16:30:40.677354" elapsed="0.004457"/>
</test>
<test id="s1-s1-s2-t2" name="Login with incorrect Username or Password" line="11">
<kw name="User Login To System By Incorrect User" owner="login_test">
<kw name="Open Webpage" owner="common_web">
<kw name="Open Browser" owner="SeleniumLibrary">
<arg>${url}</arg>
<arg>${browser}</arg>
<doc>Opens a new browser instance to the optional ``url``.</doc>
<status status="NOT RUN" start="2025-12-03T16:30:40.683499" elapsed="0.000049"/>
</kw>
<kw name="Maximize Browser Window" owner="SeleniumLibrary">
<doc>Maximizes current browser window.</doc>
<status status="NOT RUN" start="2025-12-03T16:30:40.683626" elapsed="0.000027"/>
</kw>
<arg>url=${URL}</arg>
<arg>browser=${BROWSER}</arg>
<status status="PASS" start="2025-12-03T16:30:40.683343" elapsed="0.000340"/>
</kw>
<kw name="Click Button" owner="common_web">
<kw name="Wait Until Element Is Enabled" owner="SeleniumLibrary">
<arg>${button}</arg>
<doc>Waits until the element ``locator`` is enabled.</doc>
<status status="NOT RUN" start="2025-12-03T16:30:40.683910" elapsed="0.000039"/>
</kw>
<kw name="Click Element" owner="SeleniumLibrary">
<arg>${button}</arg>
<doc>Click the element identified by ``locator``.</doc>
<status status="NOT RUN" start="2025-12-03T16:30:40.684025" elapsed="0.000038"/>
</kw>
<arg>button=${LoginPage['GOTO_LOGINPAGE_BUTTON']}</arg>
<status status="PASS" start="2025-12-03T16:30:40.683779" elapsed="0.000315"/>
</kw>
<kw name="Switch Window" owner="SeleniumLibrary">
<arg>NEW</arg>
<doc>Switches to browser window matching ``locator``.</doc>
<status status="NOT RUN" start="2025-12-03T16:30:40.684165" elapsed="0.000052"/>
</kw>
<kw name="Wait Until Element Is Visible" owner="SeleniumLibrary">
<arg>${LoginPage['LOGIN_PAGE_HEADER']}</arg>
<arg>${TIMEOUT}</arg>
<doc>Waits until the element ``locator`` is visible.</doc>
<status status="NOT RUN" start="2025-12-03T16:30:40.684286" elapsed="0.000043"/>
</kw>
<kw name="Enter Username" owner="LoginPage">
<kw name="Wait Until Element Is Visible" owner="SeleniumLibrary">
<arg>${LoginPage['USERNAME_FIELD']}</arg>
<doc>Waits until the element ``locator`` is visible.</doc>
<status status="NOT RUN" start="2025-12-03T16:30:40.684555" elapsed="0.000043"/>
</kw>
<kw name="Input Text" owner="SeleniumLibrary">
<arg>${LoginPage['USERNAME_FIELD']}</arg>
<arg>${username}</arg>
<doc>Types the given ``text`` into the text field identified by ``locator``.</doc>
<status status="NOT RUN" start="2025-12-03T16:30:40.684668" elapsed="0.000043"/>
</kw>
<arg>username=${invalid_user}</arg>
<status status="PASS" start="2025-12-03T16:30:40.684425" elapsed="0.000320"/>
</kw>
<kw name="Enter Password" owner="LoginPage">
<kw name="Wait Until Element Is Visible" owner="SeleniumLibrary">
<arg>${LoginPage['PASSWORD_FIELD']}</arg>
<doc>Waits until the element ``locator`` is visible.</doc>
<status status="NOT RUN" start="2025-12-03T16:30:40.684984" elapsed="0.000040"/>
</kw>
<kw name="Input Password" owner="SeleniumLibrary">
<arg>${LoginPage['PASSWORD_FIELD']}</arg>
<arg>${password}</arg>
<doc>Types the given password into the text field identified by ``locator``.</doc>
<status status="NOT RUN" start="2025-12-03T16:30:40.685103" elapsed="0.000043"/>
</kw>
<arg>password=${invalid_password}</arg>
<status status="PASS" start="2025-12-03T16:30:40.684835" elapsed="0.000344"/>
</kw>
<kw name="Click Button" owner="common_web">
<kw name="Wait Until Element Is Enabled" owner="SeleniumLibrary">
<arg>${button}</arg>
<doc>Waits until the element ``locator`` is enabled.</doc>
<status status="NOT RUN" start="2025-12-03T16:30:40.685392" elapsed="0.000037"/>
</kw>
<kw name="Click Element" owner="SeleniumLibrary">
<arg>${button}</arg>
<doc>Click the element identified by ``locator``.</doc>
<status status="NOT RUN" start="2025-12-03T16:30:40.685498" elapsed="0.000035"/>
</kw>
<arg>button=${LoginPage.LOGIN}</arg>
<status status="PASS" start="2025-12-03T16:30:40.685265" elapsed="0.000300"/>
</kw>
<kw name="Wait Until Element Is Visible" owner="SeleniumLibrary">
<arg>${LoginPage['LOGIN_ALERT']}</arg>
<arg>${TIMEOUT}</arg>
<doc>Waits until the element ``locator`` is visible.</doc>
<status status="NOT RUN" start="2025-12-03T16:30:40.685629" elapsed="0.000042"/>
</kw>
<arg>invalid_user=${INVAILD_USERNAME}</arg>
<arg>invalid_password=${INVAILD_PASSWORD}</arg>
<status status="PASS" start="2025-12-03T16:30:40.683161" elapsed="0.002543"/>
</kw>
<kw name="Close Window" owner="common_web" type="TEARDOWN">
<kw name="Capture Page Screenshot" owner="SeleniumLibrary">
<doc>Takes a screenshot of the current page and embeds it into a log file.</doc>
<status status="NOT RUN" start="2025-12-03T16:30:40.686152" elapsed="0.000043"/>
</kw>
<kw name="Close Browser" owner="SeleniumLibrary">
<doc>Closes the current browser.</doc>
<status status="NOT RUN" start="2025-12-03T16:30:40.686283" elapsed="0.000033"/>
</kw>
<status status="PASS" start="2025-12-03T16:30:40.685964" elapsed="0.000389"/>
</kw>
<doc>ทดสอบการล็อกอินหากผู้ใช้กรอกชื่อผู้ใช้หรือรหัสผ่านผิด</doc>
<tag>Login Negative</tag>
<status status="PASS" start="2025-12-03T16:30:40.682189" elapsed="0.004280"/>
</test>
<doc>ทดสอบการล็อกอิน</doc>
<status status="PASS" start="2025-12-03T16:30:40.672901" elapsed="0.014038"/>
</suite>
<suite id="s1-s1-s3" name="User Account" source="C:\Robot_Learning\testcase\User_Account.robot">
<test id="s1-s1-s3-t1" name="Show User Profile" line="6">
<kw name="Show User Profile" owner="userAccount">
<kw name="User Login To System By Correct User" owner="login_test">
<kw name="Open Webpage" owner="common_web">
<kw name="Open Browser" owner="SeleniumLibrary">
<arg>${url}</arg>
<arg>${browser}</arg>
<doc>Opens a new browser instance to the optional ``url``.</doc>
<status status="NOT RUN" start="2025-12-03T16:30:40.693701" elapsed="0.000056"/>
</kw>
<kw name="Maximize Browser Window" owner="SeleniumLibrary">
<doc>Maximizes current browser window.</doc>
<status status="NOT RUN" start="2025-12-03T16:30:40.693863" elapsed="0.000030"/>
</kw>
<arg>url=${URL}</arg>
<arg>browser=${BROWSER}</arg>
<status status="PASS" start="2025-12-03T16:30:40.693535" elapsed="0.000389"/>
</kw>
<kw name="Click Button" owner="common_web">
<kw name="Wait Until Element Is Enabled" owner="SeleniumLibrary">
<arg>${button}</arg>
<doc>Waits until the element ``locator`` is enabled.</doc>
<status status="NOT RUN" start="2025-12-03T16:30:40.694155" elapsed="0.000040"/>
</kw>
<kw name="Click Element" owner="SeleniumLibrary">
<arg>${button}</arg>
<doc>Click the element identified by ``locator``.</doc>
<status status="NOT RUN" start="2025-12-03T16:30:40.694268" elapsed="0.000037"/>
</kw>
<arg>button=${LoginPage['GOTO_LOGINPAGE_BUTTON']}</arg>
<status status="PASS" start="2025-12-03T16:30:40.694020" elapsed="0.000318"/>
</kw>
<kw name="Switch Window" owner="SeleniumLibrary">
<arg>NEW</arg>
<doc>Switches to browser window matching ``locator``.</doc>
<status status="NOT RUN" start="2025-12-03T16:30:40.694406" elapsed="0.000054"/>
</kw>
<kw name="Wait Until Element Is Visible" owner="SeleniumLibrary">
<arg>${LoginPage['LOGIN_PAGE_HEADER']}</arg>
<arg>${TIMEOUT}</arg>
<doc>Waits until the element ``locator`` is visible.</doc>
<status status="NOT RUN" start="2025-12-03T16:30:40.694532" elapsed="0.000045"/>
</kw>
<kw name="Enter Username" owner="LoginPage">
<kw name="Wait Until Element Is Visible" owner="SeleniumLibrary">
<arg>${LoginPage['USERNAME_FIELD']}</arg>
<doc>Waits until the element ``locator`` is visible.</doc>
<status status="NOT RUN" start="2025-12-03T16:30:40.694820" elapsed="0.000042"/>
</kw>
<kw name="Input Text" owner="SeleniumLibrary">
<arg>${LoginPage['USERNAME_FIELD']}</arg>
<arg>${username}</arg>
<doc>Types the given ``text`` into the text field identified by ``locator``.</doc>
<status status="NOT RUN" start="2025-12-03T16:30:40.694933" elapsed="0.000043"/>
</kw>
<arg>username=${valid_user}</arg>
<status status="PASS" start="2025-12-03T16:30:40.694677" elapsed="0.000333"/>
</kw>
<kw name="Enter Password" owner="LoginPage">
<kw name="Wait Until Element Is Visible" owner="SeleniumLibrary">
<arg>${LoginPage['PASSWORD_FIELD']}</arg>
<doc>Waits until the element ``locator`` is visible.</doc>
<status status="NOT RUN" start="2025-12-03T16:30:40.695226" elapsed="0.000039"/>
</kw>
<kw name="Input Password" owner="SeleniumLibrary">
<arg>${LoginPage['PASSWORD_FIELD']}</arg>
<arg>${password}</arg>
<doc>Types the given password into the text field identified by ``locator``.</doc>
<status status="NOT RUN" start="2025-12-03T16:30:40.695336" elapsed="0.000043"/>
</kw>
<arg>password=${valid_password}</arg>
<status status="PASS" start="2025-12-03T16:30:40.695101" elapsed="0.000311"/>
</kw>
<kw name="Click Button" owner="common_web">
<kw name="Wait Until Element Is Enabled" owner="SeleniumLibrary">
<arg>${button}</arg>
<doc>Waits until the element ``locator`` is enabled.</doc>
<status status="NOT RUN" start="2025-12-03T16:30:40.695625" elapsed="0.000037"/>
</kw>
<kw name="Click Element" owner="SeleniumLibrary">
<arg>${button}</arg>
<doc>Click the element identified by ``locator``.</doc>
<status status="NOT RUN" start="2025-12-03T16:30:40.695731" elapsed="0.000035"/>
</kw>
<arg>button=${LoginPage.LOGIN}</arg>
<status status="PASS" start="2025-12-03T16:30:40.695499" elapsed="0.000305"/>
</kw>
<kw name="Wait Until Element Is Visible" owner="SeleniumLibrary">
<arg>${UserProfilePage['DASHBOARD_HEADER']}</arg>
<arg>${TIMEOUT}</arg>
<doc>Waits until the element ``locator`` is visible.</doc>
<status status="NOT RUN" start="2025-12-03T16:30:40.695871" elapsed="0.000042"/>
</kw>
<arg>valid_user=${VALID_USER}</arg>
<arg>valid_password=${VAILD_PASSWORD}</arg>
<status status="PASS" start="2025-12-03T16:30:40.693320" elapsed="0.002627"/>
</kw>
<kw name="Click Button" owner="common_web">
<kw name="Wait Until Element Is Enabled" owner="SeleniumLibrary">
<arg>${button}</arg>
<doc>Waits until the element ``locator`` is enabled.</doc>
<status status="NOT RUN" start="2025-12-03T16:30:40.696159" elapsed="0.000037"/>
</kw>
<kw name="Click Element" owner="SeleniumLibrary">
<arg>${button}</arg>
<doc>Click the element identified by ``locator``.</doc>
<status status="NOT RUN" start="2025-12-03T16:30:40.696266" elapsed="0.000035"/>
</kw>
<arg>button=${UserProfilePage['USER_PROFILE_MENU']}</arg>
<status status="PASS" start="2025-12-03T16:30:40.696033" elapsed="0.000300"/>
</kw>
<kw name="Wait Until Element Is Enabled" owner="SeleniumLibrary">
<arg>${UserProfilePage['ACCOUNT_MENU']}</arg>
<arg>${TIMEOUT}</arg>
<doc>Waits until the element ``locator`` is enabled.</doc>
<status status="NOT RUN" start="2025-12-03T16:30:40.696399" elapsed="0.000042"/>
</kw>
<kw name="Click Button" owner="common_web">
<kw name="Wait Until Element Is Enabled" owner="SeleniumLibrary">
<arg>${button}</arg>
<doc>Waits until the element ``locator`` is enabled.</doc>
<status status="NOT RUN" start="2025-12-03T16:30:40.696682" elapsed="0.000038"/>
</kw>
<kw name="Click Element" owner="SeleniumLibrary">
<arg>${button}</arg>
<doc>Click the element identified by ``locator``.</doc>
<status status="NOT RUN" start="2025-12-03T16:30:40.696798" elapsed="0.000038"/>
</kw>
<arg>button=${UserProfilePage.ACCOUNT_MENU}</arg>
<status status="PASS" start="2025-12-03T16:30:40.696553" elapsed="0.000315"/>
</kw>
<kw name="Wait Until Element Is Visible" owner="SeleniumLibrary">
<arg>${UserProfilePage['ACCOUNT_TITLE']}</arg>
<arg>${TIMEOUT}</arg>
<doc>Waits until the element ``locator`` is visible.</doc>
<status status="NOT RUN" start="2025-12-03T16:30:40.696933" elapsed="0.000043"/>
</kw>
<status status="PASS" start="2025-12-03T16:30:40.692619" elapsed="0.004389"/>
</kw>
<kw name="Close Window" owner="common_web" type="TEARDOWN">
<kw name="Capture Page Screenshot" owner="SeleniumLibrary">
<doc>Takes a screenshot of the current page and embeds it into a log file.</doc>
<status status="NOT RUN" start="2025-12-03T16:30:40.697478" elapsed="0.000066"/>
</kw>
<kw name="Close Browser" owner="SeleniumLibrary">
<doc>Closes the current browser.</doc>
<status status="NOT RUN" start="2025-12-03T16:30:40.697674" elapsed="0.000049"/>
</kw>
<status status="PASS" start="2025-12-03T16:30:40.697287" elapsed="0.000491"/>
</kw>
<status status="PASS" start="2025-12-03T16:30:40.692169" elapsed="0.005759"/>
</test>
<doc>ทดสอบการตรวจสอบโปรไฟล์ผู้ใช้</doc>
<status status="PASS" start="2025-12-03T16:30:40.687786" elapsed="0.010745"/>
</suite>
<status status="PASS" start="2025-12-03T16:30:40.447712" elapsed="0.251985"/>
</suite>
<status status="PASS" start="2025-12-03T16:30:40.425411" elapsed="0.274881"/>
</suite>
<statistics>
<total>
<stat pass="4" fail="0" skip="0">All Tests</stat>
</total>
<tag>
<stat pass="1" fail="0" skip="0">Login Negative</stat>
<stat pass="1" fail="0" skip="0">Login Positive</stat>
</tag>
<suite>
<stat name="Robot Learning" id="s1" pass="4" fail="0" skip="0">Robot Learning</stat>
<stat name="Testcase" id="s1-s1" pass="4" fail="0" skip="0">Robot Learning.Testcase</stat>
<stat name="changePassword" id="s1-s1-s1" pass="1" fail="0" skip="0">Robot Learning.Testcase.changePassword</stat>
<stat name="Login Tests" id="s1-s1-s2" pass="2" fail="0" skip="0">Robot Learning.Testcase.Login Tests</stat>
<stat name="User Account" id="s1-s1-s3" pass="1" fail="0" skip="0">Robot Learning.Testcase.User Account</stat>
</suite>
</statistics>
<errors>
</errors>
</robot>
