<?xml version="1.0" encoding="UTF-8"?>
<robot generator="Robot 7.3.2 (Python 3.14.0 on win32)" generated="2025-12-02T15:06:32.190084" rpa="false" schemaversion="5">
<suite id="s1" name="Robot Learning" source="C:\Robot_Learning">
<suite id="s1-s1" name="Test" source="C:\Robot_Learning\test">
<suite id="s1-s1-s1" name="User Account" source="C:\Robot_Learning\test\User_Account.robot">
<test id="s1-s1-s1-t1" name="Show User Profile" line="6">
<kw name="Open Webpage" owner="common">
<kw name="Open Browser" owner="SeleniumLibrary">
<msg time="2025-12-02T15:06:32.398784" level="INFO">Opening browser 'chrome' to base url 'https://cssoften0368.cpkkuhost.com'.</msg>
<arg>${URL}</arg>
<arg>${BROWSER}</arg>
<doc>Opens a new browser instance to the optional ``url``.</doc>
<status status="PASS" start="2025-12-02T15:06:32.398491" elapsed="4.542144"/>
</kw>
<kw name="Maximize Browser Window" owner="SeleniumLibrary">
<doc>Maximizes current browser window.</doc>
<status status="PASS" start="2025-12-02T15:06:36.940969" elapsed="0.021224"/>
</kw>
<arg>${URL}</arg>
<arg>${BROWSER}</arg>
<status status="PASS" start="2025-12-02T15:06:32.397718" elapsed="4.564718"/>
</kw>
<kw name="Click Button" owner="common">
<kw name="Wait Until Element Is Enabled" owner="SeleniumLibrary">
<arg>${BUTTON}</arg>
<doc>Waits until the element ``locator`` is enabled.</doc>
<status status="PASS" start="2025-12-02T15:06:36.963474" elapsed="0.036461"/>
</kw>
<kw name="Click Element" owner="SeleniumLibrary">
<msg time="2025-12-02T15:06:37.000615" level="INFO">Clicking element 'xpath=//a[contains(text(), 'เข้าสู่ระบบ')]'.</msg>
<arg>${BUTTON}</arg>
<doc>Click the element identified by ``locator``.</doc>
<status status="PASS" start="2025-12-02T15:06:37.000217" elapsed="0.097073"/>
</kw>
<arg>${GOTO_LOGINPAGE_BUTTON}</arg>
<status status="PASS" start="2025-12-02T15:06:36.962890" elapsed="0.134690"/>
</kw>
<kw name="Switch Window" owner="SeleniumLibrary">
<arg>NEW</arg>
<doc>Switches to browser window matching ``locator``.</doc>
<status status="PASS" start="2025-12-02T15:06:37.098041" elapsed="0.014836"/>
</kw>
<kw name="Wait Until Element Is Visible" owner="SeleniumLibrary">
<arg>${LOGIN_PAGE_HEADER}</arg>
<arg>3s</arg>
<doc>Waits until the element ``locator`` is visible.</doc>
<status status="PASS" start="2025-12-02T15:06:37.113357" elapsed="0.881628"/>
</kw>
<kw name="User Login" owner="login_test">
<kw name="Input Text" owner="SeleniumLibrary">
<msg time="2025-12-02T15:06:37.996220" level="INFO">Typing text 'chitsutha@kku.ac.th' into text field 'xpath=//input[@id='username']'.</msg>
<arg>${USERNAME_FIELD}</arg>
<arg>${VALID_USER}</arg>
<doc>Types the given ``text`` into the text field identified by ``locator``.</doc>
<status status="PASS" start="2025-12-02T15:06:37.995945" elapsed="0.087032"/>
</kw>
<kw name="Input Password" owner="SeleniumLibrary">
<msg time="2025-12-02T15:06:38.083620" level="INFO">Typing password into text field 'xpath=//input[@id='password']'.</msg>
<msg time="2025-12-02T15:06:38.107251" level="INFO">Temporally setting log level to: NONE</msg>
<arg>${PASSWORD_FIELD}</arg>
<arg>${VALID_PASSWORD}</arg>
<doc>Types the given password into the text field identified by ``locator``.</doc>
<status status="PASS" start="2025-12-02T15:06:38.083207" elapsed="0.057467"/>
</kw>
<arg>${VALID_USER}</arg>
<arg>${VAILD_PASSWORD}</arg>
<status status="PASS" start="2025-12-02T15:06:37.995482" elapsed="0.145376"/>
</kw>
<kw name="Click Button" owner="common">
<kw name="Wait Until Element Is Enabled" owner="SeleniumLibrary">
<arg>${BUTTON}</arg>
<doc>Waits until the element ``locator`` is enabled.</doc>
<status status="PASS" start="2025-12-02T15:06:38.141664" elapsed="0.017738"/>
</kw>
<kw name="Click Element" owner="SeleniumLibrary">
<msg time="2025-12-02T15:06:38.160308" level="INFO">Clicking element 'xpath=//button[contains(text(), 'เข้าสู่ระบบบัญชี')]'.</msg>
<arg>${BUTTON}</arg>
<doc>Click the element identified by ``locator``.</doc>
<status status="PASS" start="2025-12-02T15:06:38.159732" elapsed="0.045791"/>
</kw>
<arg>${LOGIN}</arg>
<status status="PASS" start="2025-12-02T15:06:38.141218" elapsed="0.064486"/>
</kw>
<kw name="Wait Until Element Is Visible" owner="SeleniumLibrary">
<arg>${DASHBOARD_HEADER}</arg>
<arg>3s</arg>
<doc>Waits until the element ``locator`` is visible.</doc>
<status status="PASS" start="2025-12-02T15:06:38.206013" elapsed="2.144762"/>
</kw>
<kw name="Click Button" owner="common">
<kw name="Wait Until Element Is Enabled" owner="SeleniumLibrary">
<arg>${BUTTON}</arg>
<doc>Waits until the element ``locator`` is enabled.</doc>
<status status="PASS" start="2025-12-02T15:06:40.351596" elapsed="0.017684"/>
</kw>
<kw name="Click Element" owner="SeleniumLibrary">
<msg time="2025-12-02T15:06:40.369920" level="INFO">Clicking element 'xpath=//span[contains(@class,'menu-title') and contains(text(),'โปรไฟล์ผู้ใช้')]'.</msg>
<arg>${BUTTON}</arg>
<doc>Click the element identified by ``locator``.</doc>
<status status="PASS" start="2025-12-02T15:06:40.369568" elapsed="0.689148"/>
</kw>
<arg>${USER_PROFILE_MENU}</arg>
<status status="PASS" start="2025-12-02T15:06:40.351195" elapsed="0.707711"/>
</kw>
<kw name="Wait Until Element Is Enabled" owner="SeleniumLibrary">
<arg>${ACCOUNT_MENU}</arg>
<arg>3s</arg>
<doc>Waits until the element ``locator`` is enabled.</doc>
<status status="PASS" start="2025-12-02T15:06:41.059270" elapsed="0.017987"/>
</kw>
<kw name="Click Button" owner="common">
<kw name="Wait Until Element Is Enabled" owner="SeleniumLibrary">
<arg>${BUTTON}</arg>
<doc>Waits until the element ``locator`` is enabled.</doc>
<status status="PASS" start="2025-12-02T15:06:41.078186" elapsed="0.013829"/>
</kw>
<kw name="Click Element" owner="SeleniumLibrary">
<msg time="2025-12-02T15:06:41.092778" level="INFO">Clicking element 'id=account-tab'.</msg>
<arg>${BUTTON}</arg>
<doc>Click the element identified by ``locator``.</doc>
<status status="PASS" start="2025-12-02T15:06:41.092283" elapsed="0.052002"/>
</kw>
<arg>${ACCOUNT_MENU}</arg>
<status status="PASS" start="2025-12-02T15:06:41.077802" elapsed="0.066690"/>
</kw>
<kw name="Wait Until Element Is Visible" owner="SeleniumLibrary">
<arg>id=account</arg>
<arg>10s</arg>
<doc>Waits until the element ``locator`` is visible.</doc>
<status status="PASS" start="2025-12-02T15:06:41.144821" elapsed="0.014898"/>
</kw>
<kw name="Close Window" owner="common">
<kw name="Capture Page Screenshot" owner="SeleniumLibrary">
<msg time="2025-12-02T15:06:41.258721" level="INFO" html="true">&lt;/td&gt;&lt;/tr&gt;&lt;tr&gt;&lt;td colspan="3"&gt;&lt;a href="selenium-screenshot-99.png"&gt;&lt;img src="selenium-screenshot-99.png" width="800px"&gt;&lt;/a&gt;</msg>
<doc>Takes a screenshot of the current page and embeds it into a log file.</doc>
<status status="PASS" start="2025-12-02T15:06:41.160655" elapsed="0.098386"/>
</kw>
<kw name="Close Browser" owner="SeleniumLibrary">
<doc>Closes the current browser.</doc>
<status status="PASS" start="2025-12-02T15:06:41.259329" elapsed="2.114274"/>
</kw>
<status status="PASS" start="2025-12-02T15:06:41.160197" elapsed="2.213669"/>
</kw>
<status status="PASS" start="2025-12-02T15:06:32.395660" elapsed="10.978591"/>
</test>
<doc>ทดสอบการตรวจสอบโปรไฟล์ผู้ใช้</doc>
<status status="PASS" start="2025-12-02T15:06:32.219463" elapsed="11.158674"/>
</suite>
<status status="PASS" start="2025-12-02T15:06:32.216335" elapsed="11.164684"/>
</suite>
<status status="PASS" start="2025-12-02T15:06:32.194591" elapsed="11.188832"/>
</suite>
<statistics>
<total>
<stat pass="1" fail="0" skip="0">All Tests</stat>
</total>
<tag>
</tag>
<suite>
<stat name="Robot Learning" id="s1" pass="1" fail="0" skip="0">Robot Learning</stat>
<stat name="Test" id="s1-s1" pass="1" fail="0" skip="0">Robot Learning.Test</stat>
<stat name="User Account" id="s1-s1-s1" pass="1" fail="0" skip="0">Robot Learning.Test.User Account</stat>
</suite>
</statistics>
<errors>
</errors>
</robot>
