<?xml version="1.0" encoding="UTF-8"?>
<robot generator="Robot 7.3.2 (Python 3.14.0 on win32)" generated="2025-12-02T13:10:13.587393" rpa="false" schemaversion="5">
<suite id="s1" name="Robot Learning" source="C:\Robot_Learning">
<suite id="s1-s1" name="Test" source="C:\Robot_Learning\test">
<suite id="s1-s1-s1" name="changePassword" source="C:\Robot_Learning\test\changePassword.robot">
<test id="s1-s1-s1-t1" name="User Can Change Password" line="14">
<kw name="Open Webpage" owner="common">
<kw name="Open Browser" owner="SeleniumLibrary">
<msg time="2025-12-02T13:10:13.799191" level="INFO">Opening browser 'chrome' to base url 'https://cssoften0368.cpkkuhost.com'.</msg>
<arg>${URL}</arg>
<arg>${BROWSER}</arg>
<doc>Opens a new browser instance to the optional ``url``.</doc>
<status status="PASS" start="2025-12-02T13:10:13.798880" elapsed="4.298706"/>
</kw>
<kw name="Maximize Browser Window" owner="SeleniumLibrary">
<doc>Maximizes current browser window.</doc>
<status status="PASS" start="2025-12-02T13:10:18.097869" elapsed="0.020826"/>
</kw>
<arg>${URL}</arg>
<arg>${BROWSER}</arg>
<status status="PASS" start="2025-12-02T13:10:13.798075" elapsed="4.320837"/>
</kw>
<kw name="Click Button" owner="common">
<kw name="Wait Until Element Is Enabled" owner="SeleniumLibrary">
<arg>${BUTTON}</arg>
<doc>Waits until the element ``locator`` is enabled.</doc>
<status status="PASS" start="2025-12-02T13:10:18.119881" elapsed="0.029316"/>
</kw>
<kw name="Click Element" owner="SeleniumLibrary">
<msg time="2025-12-02T13:10:18.149841" level="INFO">Clicking element 'xpath=//a[contains(text(), 'เข้าสู่ระบบ')]'.</msg>
<arg>${BUTTON}</arg>
<doc>Click the element identified by ``locator``.</doc>
<status status="PASS" start="2025-12-02T13:10:18.149472" elapsed="0.083905"/>
</kw>
<arg>${GOTO_LOGINPAGE_BUTTON}</arg>
<status status="PASS" start="2025-12-02T13:10:18.119358" elapsed="0.114300"/>
</kw>
<kw name="Switch Window" owner="SeleniumLibrary">
<arg>NEW</arg>
<doc>Switches to browser window matching ``locator``.</doc>
<status status="PASS" start="2025-12-02T13:10:18.234095" elapsed="0.012640"/>
</kw>
<kw name="Wait Until Element Is Visible" owner="SeleniumLibrary">
<arg>${LOGIN_PAGE_HEADER}</arg>
<arg>3s</arg>
<doc>Waits until the element ``locator`` is visible.</doc>
<status status="PASS" start="2025-12-02T13:10:18.247268" elapsed="0.884858"/>
</kw>
<kw name="User Login" owner="login_test">
<kw name="Input Text" owner="SeleniumLibrary">
<msg time="2025-12-02T13:10:19.133583" level="INFO">Typing text 'chitsutha@kku.ac.th' into text field 'xpath=//input[@id='username']'.</msg>
<arg>${USERNAME_FIELD}</arg>
<arg>${VALID_USER}</arg>
<doc>Types the given ``text`` into the text field identified by ``locator``.</doc>
<status status="PASS" start="2025-12-02T13:10:19.133157" elapsed="0.063090"/>
</kw>
<kw name="Input Password" owner="SeleniumLibrary">
<msg time="2025-12-02T13:10:19.197040" level="INFO">Typing password into text field 'xpath=//input[@id='password']'.</msg>
<msg time="2025-12-02T13:10:19.219500" level="INFO">Temporally setting log level to: NONE</msg>
<arg>${PASSWORD_FIELD}</arg>
<arg>${VALID_PASSWORD}</arg>
<doc>Types the given password into the text field identified by ``locator``.</doc>
<status status="PASS" start="2025-12-02T13:10:19.196561" elapsed="0.053835"/>
</kw>
<arg>${VALID_USER}</arg>
<arg>${VAILD_PASSWORD}</arg>
<status status="PASS" start="2025-12-02T13:10:19.132598" elapsed="0.117964"/>
</kw>
<kw name="Click Button" owner="common">
<kw name="Wait Until Element Is Enabled" owner="SeleniumLibrary">
<arg>${BUTTON}</arg>
<doc>Waits until the element ``locator`` is enabled.</doc>
<status status="PASS" start="2025-12-02T13:10:19.251468" elapsed="0.018282"/>
</kw>
<kw name="Click Element" owner="SeleniumLibrary">
<msg time="2025-12-02T13:10:19.270325" level="INFO">Clicking element 'xpath=//button[contains(text(), 'เข้าสู่ระบบบัญชี')]'.</msg>
<arg>${BUTTON}</arg>
<doc>Click the element identified by ``locator``.</doc>
<status status="PASS" start="2025-12-02T13:10:19.269993" elapsed="2.102389"/>
</kw>
<arg>${LOGIN}</arg>
<status status="PASS" start="2025-12-02T13:10:19.250987" elapsed="2.121589"/>
</kw>
<kw name="Wait Until Element Is Visible" owner="SeleniumLibrary">
<arg>${DASHBOARD_HEADER}</arg>
<arg>3s</arg>
<doc>Waits until the element ``locator`` is visible.</doc>
<status status="PASS" start="2025-12-02T13:10:21.372914" elapsed="0.014040"/>
</kw>
<kw name="Click Button" owner="common">
<kw name="Wait Until Element Is Enabled" owner="SeleniumLibrary">
<arg>${BUTTON}</arg>
<doc>Waits until the element ``locator`` is enabled.</doc>
<status status="PASS" start="2025-12-02T13:10:21.388044" elapsed="0.017663"/>
</kw>
<kw name="Click Element" owner="SeleniumLibrary">
<msg time="2025-12-02T13:10:21.406504" level="INFO">Clicking element 'xpath=//span[contains(@class,'menu-title') and contains(text(),'โปรไฟล์ผู้ใช้')]'.</msg>
<arg>${BUTTON}</arg>
<doc>Click the element identified by ``locator``.</doc>
<status status="PASS" start="2025-12-02T13:10:21.405987" elapsed="0.672162"/>
</kw>
<arg>${USER_PROFILE_MENU}</arg>
<status status="PASS" start="2025-12-02T13:10:21.387485" elapsed="0.690930"/>
</kw>
<kw name="Wait Until Element Is Enabled" owner="SeleniumLibrary">
<arg>${ACCOUNT_MENU}</arg>
<arg>3s</arg>
<doc>Waits until the element ``locator`` is enabled.</doc>
<status status="PASS" start="2025-12-02T13:10:22.078839" elapsed="0.016381"/>
</kw>
<kw name="Click Button" owner="common">
<kw name="Wait Until Element Is Enabled" owner="SeleniumLibrary">
<arg>${BUTTON}</arg>
<doc>Waits until the element ``locator`` is enabled.</doc>
<status status="PASS" start="2025-12-02T13:10:22.096206" elapsed="0.015534"/>
</kw>
<kw name="Click Element" owner="SeleniumLibrary">
<msg time="2025-12-02T13:10:22.112353" level="INFO">Clicking element 'id=password-tab'.</msg>
<arg>${BUTTON}</arg>
<doc>Click the element identified by ``locator``.</doc>
<status status="PASS" start="2025-12-02T13:10:22.111998" elapsed="0.042237"/>
</kw>
<arg>${PASSWORD_MENU}</arg>
<status status="PASS" start="2025-12-02T13:10:22.095795" elapsed="0.058625"/>
</kw>
<kw name="Wait Until Element Is Visible" owner="SeleniumLibrary">
<arg>id=password</arg>
<arg>10s</arg>
<doc>Waits until the element ``locator`` is visible.</doc>
<status status="PASS" start="2025-12-02T13:10:22.154728" elapsed="0.012563"/>
</kw>
<kw name="Change Password" owner="changePass">
<kw name="Input Password" owner="SeleniumLibrary">
<msg time="2025-12-02T13:10:22.168370" level="INFO">Typing password into text field 'xpath=//input[@id='inputpassword']'.</msg>
<msg time="2025-12-02T13:10:22.194805" level="INFO">Temporally setting log level to: NONE</msg>
<arg>${OLD_PASSWORD_FIELD}</arg>
<arg>${OldPassword}</arg>
<doc>Types the given password into the text field identified by ``locator``.</doc>
<status status="PASS" start="2025-12-02T13:10:22.168114" elapsed="0.059991"/>
</kw>
<kw name="Input Password" owner="SeleniumLibrary">
<msg time="2025-12-02T13:10:22.228835" level="INFO">Typing password into text field 'xpath=//input[@id='newpassword']'.</msg>
<msg time="2025-12-02T13:10:22.252976" level="INFO">Temporally setting log level to: NONE</msg>
<arg>${NEW_PASSWORD_FIELD}</arg>
<arg>${NewPassword}</arg>
<doc>Types the given password into the text field identified by ``locator``.</doc>
<status status="PASS" start="2025-12-02T13:10:22.228470" elapsed="0.058092"/>
</kw>
<kw name="Input Password" owner="SeleniumLibrary">
<msg time="2025-12-02T13:10:22.287196" level="INFO">Typing password into text field 'xpath=//input[@id='cnewpassword']'.</msg>
<msg time="2025-12-02T13:10:22.309962" level="INFO">Temporally setting log level to: NONE</msg>
<arg>${CONFIRM_PASSWORD_FIELD}</arg>
<arg>${ConfirmPassword}</arg>
<doc>Types the given password into the text field identified by ``locator``.</doc>
<status status="PASS" start="2025-12-02T13:10:22.286812" elapsed="0.054631"/>
</kw>
<kw name="Wait Until Element Is Enabled" owner="SeleniumLibrary">
<arg>${UPDATE_BUTTON}</arg>
<arg>10s</arg>
<doc>Waits until the element ``locator`` is enabled.</doc>
<status status="PASS" start="2025-12-02T13:10:22.341786" elapsed="0.020298"/>
</kw>
<kw name="Click Button" owner="common">
<kw name="Wait Until Element Is Enabled" owner="SeleniumLibrary">
<arg>${BUTTON}</arg>
<doc>Waits until the element ``locator`` is enabled.</doc>
<status status="PASS" start="2025-12-02T13:10:22.362966" elapsed="0.017209"/>
</kw>
<kw name="Click Element" owner="SeleniumLibrary">
<msg time="2025-12-02T13:10:22.381063" level="INFO">Clicking element 'xpath=//button[contains(text(),'อัปเดต')]'.</msg>
<msg time="2025-12-02T13:10:22.484461" level="INFO" html="true">&lt;/td&gt;&lt;/tr&gt;&lt;tr&gt;&lt;td colspan="3"&gt;&lt;a href="selenium-screenshot-81.png"&gt;&lt;img src="selenium-screenshot-81.png" width="800px"&gt;&lt;/a&gt;</msg>
<msg time="2025-12-02T13:10:22.485127" level="FAIL">ElementNotInteractableException: Message: element not interactable
  (Session info: chrome=142.0.7444.176); For documentation on this error, please visit: https://www.selenium.dev/documentation/webdriver/troubleshooting/errors#elementnotinteractableexception
Stacktrace:
Symbols not available. Dumping unresolved backtrace:
	0x7ff6b516a235
	0x7ff6b4ec2630
	0x7ff6b4c514e5
	0x7ff6b4cab833
	0x7ff6b4c9d3a8
	0x7ff6b4cd2b0a
	0x7ff6b4c9cc36
	0x7ff6b4cfbaba
	0x7ff6b4c9b0ed
	0x7ff6b4c9bf63
	0x7ff6b5195d60
	0x7ff6b518fe8a
	0x7ff6b51b1005
	0x7ff6b4edd71e
	0x7ff6b4ee4e1f
	0x7ff6b4ecb7c4
	0x7ff6b4ecb97f
	0x7ff6b4eb18e8
	0x7ffa7cd9e8d7
	0x7ffa7e9cc53c
</msg>
<arg>${BUTTON}</arg>
<doc>Click the element identified by ``locator``.</doc>
<status status="FAIL" start="2025-12-02T13:10:22.380573" elapsed="0.111604">ElementNotInteractableException: Message: element not interactable
  (Session info: chrome=142.0.7444.176); For documentation on this error, please visit: https://www.selenium.dev/documentation/webdriver/troubleshooting/errors#elementnotinteractableexception
Stacktrace:
Symbols not available. Dumping unresolved backtrace:
	0x7ff6b516a235
	0x7ff6b4ec2630
	0x7ff6b4c514e5
	0x7ff6b4cab833
	0x7ff6b4c9d3a8
	0x7ff6b4cd2b0a
	0x7ff6b4c9cc36
	0x7ff6b4cfbaba
	0x7ff6b4c9b0ed
	0x7ff6b4c9bf63
	0x7ff6b5195d60
	0x7ff6b518fe8a
	0x7ff6b51b1005
	0x7ff6b4edd71e
	0x7ff6b4ee4e1f
	0x7ff6b4ecb7c4
	0x7ff6b4ecb97f
	0x7ff6b4eb18e8
	0x7ffa7cd9e8d7
	0x7ffa7e9cc53c
</status>
</kw>
<arg>${UPDATE_BUTTON}</arg>
<status status="FAIL" start="2025-12-02T13:10:22.362448" elapsed="0.130058">ElementNotInteractableException: Message: element not interactable
  (Session info: chrome=142.0.7444.176); For documentation on this error, please visit: https://www.selenium.dev/documentation/webdriver/troubleshooting/errors#elementnotinteractableexception
Stacktrace:
Symbols not available. Dumping unresolved backtrace:
	0x7ff6b516a235
	0x7ff6b4ec2630
	0x7ff6b4c514e5
	0x7ff6b4cab833
	0x7ff6b4c9d3a8
	0x7ff6b4cd2b0a
	0x7ff6b4c9cc36
	0x7ff6b4cfbaba
	0x7ff6b4c9b0ed
	0x7ff6b4c9bf63
	0x7ff6b5195d60
	0x7ff6b518fe8a
	0x7ff6b51b1005
	0x7ff6b4edd71e
	0x7ff6b4ee4e1f
	0x7ff6b4ecb7c4
	0x7ff6b4ecb97f
	0x7ff6b4eb18e8
	0x7ffa7cd9e8d7
	0x7ffa7e9cc53c
</status>
</kw>
<kw name="Wait Until Element Is Enabled" owner="SeleniumLibrary">
<arg>${CONFIRM_BUTTON}</arg>
<arg>10s</arg>
<doc>Waits until the element ``locator`` is enabled.</doc>
<status status="NOT RUN" start="2025-12-02T13:10:22.492709" elapsed="0.000118"/>
</kw>
<kw name="Click Button" owner="common">
<arg>${CONFIRM_BUTTON}</arg>
<status status="NOT RUN" start="2025-12-02T13:10:22.493008" elapsed="0.000091"/>
</kw>
<arg>${VAILD_PASSWORD}</arg>
<arg>${NEW_PASSWORD}</arg>
<arg>${NEW_PASSWORD}</arg>
<status status="FAIL" start="2025-12-02T13:10:22.167680" elapsed="0.325532">ElementNotInteractableException: Message: element not interactable
  (Session info: chrome=142.0.7444.176); For documentation on this error, please visit: https://www.selenium.dev/documentation/webdriver/troubleshooting/errors#elementnotinteractableexception
Stacktrace:
Symbols not available. Dumping unresolved backtrace:
	0x7ff6b516a235
	0x7ff6b4ec2630
	0x7ff6b4c514e5
	0x7ff6b4cab833
	0x7ff6b4c9d3a8
	0x7ff6b4cd2b0a
	0x7ff6b4c9cc36
	0x7ff6b4cfbaba
	0x7ff6b4c9b0ed
	0x7ff6b4c9bf63
	0x7ff6b5195d60
	0x7ff6b518fe8a
	0x7ff6b51b1005
	0x7ff6b4edd71e
	0x7ff6b4ee4e1f
	0x7ff6b4ecb7c4
	0x7ff6b4ecb97f
	0x7ff6b4eb18e8
	0x7ffa7cd9e8d7
	0x7ffa7e9cc53c
</status>
</kw>
<kw name="Change Password Back to Defult" owner="changePass">
<status status="NOT RUN" start="2025-12-02T13:10:22.493525" elapsed="0.000196"/>
</kw>
<kw name="Close Window" owner="common" type="TEARDOWN">
<kw name="Capture Page Screenshot" owner="SeleniumLibrary">
<msg time="2025-12-02T13:10:22.567662" level="INFO" html="true">&lt;/td&gt;&lt;/tr&gt;&lt;tr&gt;&lt;td colspan="3"&gt;&lt;a href="selenium-screenshot-82.png"&gt;&lt;img src="selenium-screenshot-82.png" width="800px"&gt;&lt;/a&gt;</msg>
<doc>Takes a screenshot of the current page and embeds it into a log file.</doc>
<status status="PASS" start="2025-12-02T13:10:22.494384" elapsed="0.073756"/>
</kw>
<kw name="Close Browser" owner="SeleniumLibrary">
<doc>Closes the current browser.</doc>
<status status="PASS" start="2025-12-02T13:10:22.568359" elapsed="2.110851"/>
</kw>
<status status="PASS" start="2025-12-02T13:10:22.494102" elapsed="2.185369"/>
</kw>
<doc>ทดสอบการตรวจสอบเปลี่ยนรหัสผ่านผู้ใช้</doc>
<status status="FAIL" start="2025-12-02T13:10:13.795118" elapsed="10.884645">ElementNotInteractableException: Message: element not interactable
  (Session info: chrome=142.0.7444.176); For documentation on this error, please visit: https://www.selenium.dev/documentation/webdriver/troubleshooting/errors#elementnotinteractableexception
Stacktrace:
Symbols not available. Dumping unresolved backtrace:
	0x7ff6b516a235
	0x7ff6b4ec2630
	0x7ff6b4c514e5
	0x7ff6b4cab833
	0x7ff6b4c9d3a8
	0x7ff6b4cd2b0a
	0x7ff6b4c9cc36
	0x7ff6b4cfbaba
	0x7ff6b4c9b0ed
	0x7ff6b4c9bf63
	0x7ff6b5195d60
	0x7ff6b518fe8a
	0x7ff6b51b1005
	0x7ff6b4edd71e
	0x7ff6b4ee4e1f
	0x7ff6b4ecb7c4
	0x7ff6b4ecb97f
	0x7ff6b4eb18e8
	0x7ffa7cd9e8d7
	0x7ffa7e9cc53c
</status>
</test>
<doc>ทดสอบการเปลี่ยนรหัสผ่านผู้ใช้</doc>
<status status="FAIL" start="2025-12-02T13:10:13.617547" elapsed="11.072539"/>
</suite>
<status status="FAIL" start="2025-12-02T13:10:13.614753" elapsed="11.082886"/>
</suite>
<status status="FAIL" start="2025-12-02T13:10:13.592888" elapsed="11.109351"/>
</suite>
<statistics>
<total>
<stat pass="0" fail="1" skip="0">All Tests</stat>
</total>
<tag>
</tag>
<suite>
<stat name="Robot Learning" id="s1" pass="0" fail="1" skip="0">Robot Learning</stat>
<stat name="Test" id="s1-s1" pass="0" fail="1" skip="0">Robot Learning.Test</stat>
<stat name="changePassword" id="s1-s1-s1" pass="0" fail="1" skip="0">Robot Learning.Test.changePassword</stat>
</suite>
</statistics>
<errors>
</errors>
</robot>
